<?xml version="1.0" encoding="UTF-8"?>
<!-- Generated by org.testng.reporters.JUnitXMLReporter -->
<testsuite hostname="LP-5CD8071T53" ignored="0" name="Command line test" tests="11" failures="2" timestamp="2021-03-18T03:50:09 IST" time="0.171" errors="0">
  <testcase name="RestApi" time="0.0" classname="qaclickacademy.Mavenjava.APITest">
    <failure type="org.testng.TestNGException" message="
Parameter &amp;apos;systemPropertyVariables&amp;apos; is required by @Test on method RestApi but has not been marked @Optional or defined
">
      <![CDATA[org.testng.TestNGException: 
Parameter 'systemPropertyVariables' is required by @Test on method RestApi but has not been marked @Optional or defined

at java.util.ArrayList.forEach(ArrayList.java:1249)
... Removed 37 stack frames]]>
    </failure>
  </testcase> <!-- RestApi -->
  <testcase name="SoapUI" time="0.0" classname="qaclickacademy.Mavenjava.APITest">
    <failure type="org.testng.TestNGException" message="
Parameter &amp;apos;systemPropertyVariables&amp;apos; is required by @Test on method SoapUI but has not been marked @Optional or defined
">
      <![CDATA[org.testng.TestNGException: 
Parameter 'systemPropertyVariables' is required by @Test on method SoapUI but has not been marked @Optional or defined

at java.util.ArrayList.forEach(ArrayList.java:1249)
... Removed 37 stack frames]]>
    </failure>
  </testcase> <!-- SoapUI -->
  <testcase name="QTPCode" time="0.017" classname="qaclickacademy.Mavenjava.AutomationTest"/>
  <testcase name="SeleniumCode" time="0.001" classname="qaclickacademy.Mavenjava.AutomationTest"/>
  <testcase name="NonFunctiona" time="0.001" classname="qaclickacademy.Mavenjava.ManualTest"/>
  <testcase name="functional" time="0.001" classname="qaclickacademy.Mavenjava.ManualTest"/>
  <testcase name="Appium" time="0.001" classname="qaclickacademy.Mavenjava.MobileTest"/>
  <testcase name="ctest" time="0.001" classname="qaclickacademy.Mavenjava.MobileTest"/>
  <testcase name="katalon" time="0.0" classname="qaclickacademy.Mavenjava.MobileTest"/>
  <testcase name="HPLoadRunner" time="0.0" classname="qaclickacademy.Mavenjava.PerformanceTest"/>
  <testcase name="jmeter" time="0.001" classname="qaclickacademy.Mavenjava.PerformanceTest"/>
</testsuite> <!-- Command line test -->
